\BOOKMARK [1][-]{section.0}{\376\377\000M\000A\000T\000H\000\040\0002\0005\0007\000\040\000-\000\040\000C\000o\000u\000r\000s\000e\000\040\000O\000v\000e\000r\000v\000i\000e\000w}{}% 1
\BOOKMARK [2][-]{subsection.0.1}{\376\377\000P\000r\000e\000q\000u\000i\000s\000i\000t\000e\000s\000,\000\040\000F\000u\000t\000u\000r\000e\000\040\000C\000o\000u\000r\000s\000e\000s\000,\000\040\000a\000n\000d\000\040\000M\000A\000T\000H\000\040\0002\0005\0007\000\040\000R\000e\000s\000o\000u\000r\000c\000e\000s}{section.0}% 2
\BOOKMARK [2][-]{subsection.0.2}{\376\377\000A\000b\000o\000u\000t\000\040\000t\000h\000e\000\040\000A\000u\000t\000h\000o\000r}{section.0}% 3
\BOOKMARK [2][-]{subsection.0.3}{\376\377\000O\000v\000e\000r\000v\000i\000e\000w}{section.0}% 4
\BOOKMARK [2][-]{subsection.0.4}{\376\377\000B\000o\000o\000k\000\040\000S\000t\000r\000u\000c\000t\000u\000r\000e}{section.0}% 5
\BOOKMARK [1][-]{section.1}{\376\377\000I\000n\000t\000r\000o\000d\000u\000c\000t\000i\000o\000n\000\040\000t\000o\000\040\000L\000i\000n\000e\000a\000r\000\040\000S\000y\000s\000t\000e\000m\000s}{}% 6
\BOOKMARK [2][-]{subsection.1.1}{\376\377\000E\000x\000a\000m\000p\000l\000e\000\040\000P\000r\000o\000b\000l\000e\000m\000\040\000-\000\040\000T\000w\000o\000\040\000e\000q\000u\000a\000t\000i\000o\000n\000s\000\040\000i\000n\000\040\000t\000w\000o\000\040\000v\000a\000r\000i\000a\000b\000l\000e\000s}{section.1}% 7
\BOOKMARK [2][-]{subsection.1.2}{\376\377\000D\000o\000e\000s\000\040\000e\000v\000e\000r\000y\000\040\000s\000y\000s\000t\000e\000m\000\040\000h\000a\000v\000e\000\040\000a\000\040\000s\000o\000l\000u\000t\000i\000o\000n\000?}{section.1}% 8
\BOOKMARK [3][-]{subsubsection.1.2.1}{\376\377\000E\000x\000a\000m\000p\000l\000e\000\040\000P\000r\000o\000b\000l\000e\000m}{subsection.1.2}% 9
\BOOKMARK [2][-]{subsection.1.3}{\376\377\000T\000h\000r\000e\000e\000\040\000T\000y\000p\000e\000s\000\040\000o\000f\000\040\000L\000i\000n\000e\000a\000r\000\040\000S\000y\000s\000t\000e\000m\000s}{section.1}% 10
\BOOKMARK [3][-]{subsubsection.1.3.1}{\376\377\000E\000x\000a\000m\000p\000l\000e\000\040\000P\000r\000o\000b\000l\000e\000m}{subsection.1.3}% 11
\BOOKMARK [1][-]{section.2}{\376\377\000M\000a\000t\000r\000i\000c\000e\000s\000\040\000a\000n\000d\000\040\000L\000i\000n\000e\000a\000r\000\040\000S\000y\000s\000t\000e\000m\000s}{}% 12
\BOOKMARK [2][-]{subsection.2.1}{\376\377\000E\000x\000a\000m\000p\000l\000e\000\040\000P\000r\000o\000b\000l\000e\000m}{section.2}% 13
\BOOKMARK [2][-]{subsection.2.2}{\376\377\000E\000l\000e\000m\000e\000n\000t\000a\000r\000y\000\040\000R\000o\000w\000\040\000O\000p\000e\000r\000a\000t\000i\000o\000n}{section.2}% 14
\BOOKMARK [3][-]{subsubsection.2.2.1}{\376\377\000E\000x\000a\000m\000p\000l\000e\000\040\000P\000r\000o\000b\000l\000e\000m}{subsection.2.2}% 15
\BOOKMARK [1][-]{section.3}{\376\377\000E\000c\000h\000e\000l\000o\000n\000\040\000f\000o\000r\000m\000s\000\040\000o\000f\000\040\000m\000a\000t\000r\000i\000c\000e\000s}{}% 16
\BOOKMARK [2][-]{subsection.3.1}{\376\377\000R\000R\000E\000F\000\040\000-\000\040\000R\000o\000w\000\040\000R\000e\000d\000u\000c\000e\000d\000\040\000E\000c\000h\000e\000l\000o\000n\000\040\000F\000o\000r\000m}{section.3}% 17
\BOOKMARK [3][-]{subsubsection.3.1.1}{\376\377\000E\000x\000a\000m\000p\000l\000e\000\040\000P\000r\000o\000b\000l\000e\000m}{subsection.3.1}% 18
\BOOKMARK [2][-]{subsection.3.2}{\376\377\000C\000a\000l\000c\000u\000l\000a\000t\000i\000n\000g\000\040\000R\000R\000E\000F}{section.3}% 19
\BOOKMARK [2][-]{subsection.3.3}{\376\377\000P\000i\000v\000o\000t\000\040\000P\000o\000s\000i\000t\000i\000o\000n}{section.3}% 20
\BOOKMARK [3][-]{subsubsection.3.3.1}{\376\377\000E\000x\000a\000m\000p\000l\000e\000\040\000P\000r\000o\000b\000l\000e\000m}{subsection.3.3}% 21
\BOOKMARK [2][-]{subsection.3.4}{\376\377\000P\000i\000v\000o\000t\000\040\000V\000a\000r\000i\000a\000b\000l\000e\000s}{section.3}% 22
\BOOKMARK [3][-]{subsubsection.3.4.1}{\376\377\000E\000x\000a\000m\000p\000l\000e\000\040\000P\000r\000o\000b\000l\000e\000m}{subsection.3.4}% 23
\BOOKMARK [1][-]{section.4}{\376\377\000G\000a\000u\000s\000s\000i\000a\000n\000\040\000E\000l\000i\000m\000i\000n\000a\000t\000i\000o\000n}{}% 24
\BOOKMARK [2][-]{subsection.4.1}{\376\377\000E\000x\000a\000m\000p\000l\000e}{section.4}% 25
\BOOKMARK [2][-]{subsection.4.2}{\376\377\000C\000o\000n\000s\000i\000s\000t\000e\000n\000t\000\040\000L\000i\000n\000e\000a\000r\000\040\000S\000y\000s\000t\000e\000m\000s}{section.4}% 26
\BOOKMARK [3][-]{subsubsection.4.2.1}{\376\377\000E\000x\000a\000m\000p\000l\000e}{subsection.4.2}% 27
\BOOKMARK [1][-]{section.5}{\376\377\000L\000i\000n\000e\000a\000r\000\040\000C\000o\000m\000b\000i\000n\000a\000t\000i\000o\000n\000s}{}% 28
\BOOKMARK [2][-]{subsection.5.1}{\376\377\000S\000u\000m\000\040\000a\000n\000d\000\040\000S\000c\000a\000l\000a\000r\000\040\000P\000r\000o\000d\000u\000c\000t}{section.5}% 29
\BOOKMARK [3][-]{subsubsection.5.1.1}{\376\377\000A\000d\000d\000i\000n\000g\000\040\000M\000a\000t\000r\000i\000c\000e\000s\000\040\000E\000x\000a\000m\000p\000l\000e}{subsection.5.1}% 30
\BOOKMARK [3][-]{subsubsection.5.1.2}{\376\377\000S\000c\000a\000l\000a\000r\000\040\000M\000u\000l\000t\000i\000p\000l\000y\000i\000n\000g\000\040\000M\000a\000t\000r\000i\000c\000e\000s\000\040\000E\000x\000a\000m\000p\000l\000e}{subsection.5.1}% 31
\BOOKMARK [2][-]{subsection.5.2}{\376\377\000R\000o\000w\000\040\000a\000n\000d\000\040\000C\000o\000l\000u\000m\000n\000\040\000V\000e\000c\000t\000o\000r\000s}{section.5}% 32
\BOOKMARK [3][-]{subsubsection.5.2.1}{\376\377\000E\000x\000a\000m\000p\000l\000e\000s\000\040\000o\000f\000\040\000R\000o\000w\000\040\000a\000n\000d\000\040\000C\000o\000l\000u\000m\000n\000\040\000V\000e\000c\000t\000o\000r\000s}{subsection.5.2}% 33
\BOOKMARK [2][-]{subsection.5.3}{\376\377\000T\000r\000a\000n\000s\000p\000o\000s\000e}{section.5}% 34
\BOOKMARK [3][-]{subsubsection.5.3.1}{\376\377\000F\000i\000g\000u\000r\000i\000n\000g\000\040\000o\000u\000t\000\040\000t\000h\000e\000\040\000T\000r\000a\000n\000s\000p\000o\000s\000e\000\040\000o\000f\000\040\000a\000\040\000M\000a\000t\000r\000i\000x}{subsection.5.3}% 35
\BOOKMARK [2][-]{subsection.5.4}{\376\377\000S\000p\000a\000n}{section.5}% 36
\BOOKMARK [2][-]{subsection.5.5}{\376\377\000T\000T\000K\000\040\000-\000\040\000T\000h\000i\000n\000g\000s\000\040\000t\000o\000\040\000K\000n\000o\000w}{section.5}% 37
\BOOKMARK [1][-]{section.6}{\376\377\000M\000a\000t\000r\000i\000x\000\040\000V\000e\000c\000t\000o\000r\000\040\000M\000u\000l\000t\000i\000p\000l\000i\000c\000a\000t\000i\000o\000n}{}% 38
\BOOKMARK [2][-]{subsection.6.1}{\376\377\000E\000x\000a\000m\000p\000l\000e\000\040\000P\000r\000o\000b\000l\000e\000m}{section.6}% 39
\BOOKMARK [2][-]{subsection.6.2}{\376\377\000E\000x\000a\000m\000p\000l\000e\000\040\000P\000r\000o\000b\000l\000e\000m\000\040\0002}{section.6}% 40
\BOOKMARK [2][-]{subsection.6.3}{\376\377\000E\000q\000u\000i\000v\000a\000l\000e\000n\000t\000\040\000F\000o\000r\000m\000a\000t\000i\000o\000n\000s\000\040\000o\000f\000\040\000a\000\040\000L\000i\000n\000e\000a\000r\000\040\000S\000y\000s\000t\000e\000m}{section.6}% 41
\BOOKMARK [2][-]{subsection.6.4}{\376\377\000M\000a\000t\000r\000i\000c\000e\000s\000\040\000a\000s\000\040\000M\000a\000c\000h\000i\000n\000e\000s}{section.6}% 42
\BOOKMARK [2][-]{subsection.6.5}{\376\377\000C\000o\000m\000p\000o\000s\000i\000t\000i\000o\000n\000\040\000o\000f\000\040\000M\000a\000c\000h\000i\000n\000e\000s}{section.6}% 43
\BOOKMARK [3][-]{subsubsection.6.5.1}{\376\377\000W\000o\000r\000k\000e\000d\000\040\000E\000x\000a\000m\000p\000l\000e}{subsection.6.5}% 44
\BOOKMARK [1][-]{section.7}{\376\377\000M\000a\000t\000r\000i\000x\000\040\000M\000u\000l\000t\000i\000p\000l\000i\000c\000a\000t\000i\000o\000n}{}% 45
\BOOKMARK [2][-]{subsection.7.1}{\376\377\000W\000o\000r\000k\000e\000d\000\040\000E\000x\000a\000m\000p\000l\000e}{section.7}% 46
\BOOKMARK [2][-]{subsection.7.2}{\376\377\000R\000o\000w\000\040\000C\000o\000l\000u\000m\000n\000\040\000R\000u\000l\000e}{section.7}% 47
\BOOKMARK [3][-]{subsubsection.7.2.1}{\376\377\000E\000x\000a\000m\000p\000l\000e\000\040\000P\000r\000o\000b\000l\000e\000m}{subsection.7.2}% 48
\BOOKMARK [2][-]{subsection.7.3}{\376\377\000O\000u\000t\000e\000r\000\040\000P\000r\000o\000d\000u\000c\000t\000\040\000R\000u\000l\000e}{section.7}% 49
\BOOKMARK [3][-]{subsubsection.7.3.1}{\376\377\000E\000x\000a\000m\000p\000l\000e\000\040\000P\000r\000o\000b\000l\000e\000m}{subsection.7.3}% 50
\BOOKMARK [1][-]{section.8}{\376\377\000P\000r\000o\000p\000e\000r\000t\000i\000e\000s\000\040\000o\000f\000\040\000M\000a\000t\000r\000i\000x\000\040\000M\000u\000l\000t\000i\000p\000l\000i\000c\000a\000t\000i\000o\000n}{}% 51
\BOOKMARK [2][-]{subsection.8.1}{\376\377\000M\000a\000t\000r\000i\000x\000\040\000I\000d\000e\000n\000t\000i\000t\000i\000e\000s\000\040\000v\000s\000\040\000R\000e\000a\000l\000\040\000N\000u\000m\000b\000e\000r\000\040\000I\000d\000e\000n\000t\000i\000t\000i\000e\000s}{section.8}% 52
\BOOKMARK [2][-]{subsection.8.2}{\376\377\000T\000r\000a\000n\000s\000p\000o\000s\000e\000\040\000P\000r\000o\000p\000e\000r\000t\000y\000\040\000o\000f\000\040\000M\000a\000t\000r\000i\000c\000e\000s}{section.8}% 53
\BOOKMARK [2][-]{subsection.8.3}{\376\377\000P\000o\000w\000e\000r\000s\000\040\000o\000f\000\040\000M\000a\000t\000r\000i\000c\000e\000s}{section.8}% 54
\BOOKMARK [1][-]{section.9}{\376\377\000E\000l\000e\000m\000e\000n\000t\000a\000r\000y\000\040\000M\000a\000t\000r\000i\000c\000e\000s}{}% 55
\BOOKMARK [1][-]{section.10}{\376\377\000I\000n\000v\000e\000r\000s\000e\000\040\000o\000f\000\040\000a\000\040\000M\000a\000t\000r\000i\000x}{}% 56
\BOOKMARK [2][-]{subsection.10.1}{\376\377\000E\000x\000a\000m\000p\000l\000e\000\040\000P\000r\000o\000b\000l\000e\000m}{section.10}% 57
\BOOKMARK [2][-]{subsection.10.2}{\376\377\000I\000n\000v\000e\000r\000s\000e\000\040\000P\000r\000o\000p\000e\000r\000t\000i\000e\000s}{section.10}% 58
\BOOKMARK [2][-]{subsection.10.3}{\376\377\000M\000u\000l\000t\000i\000p\000l\000y\000i\000n\000g\000\040\000t\000h\000e\000\040\000i\000n\000v\000e\000r\000s\000e\000\040\000o\000f\000\040\000A}{section.10}% 59
\BOOKMARK [1][-]{section.11}{\376\377\000C\000o\000m\000p\000u\000t\000i\000n\000g\000\040\000t\000h\000e\000\040\000I\000n\000v\000e\000r\000s\000e}{}% 60
\BOOKMARK [2][-]{subsection.11.1}{\376\377\000A\000l\000g\000o\000r\000i\000t\000h\000m}{section.11}% 61
\BOOKMARK [3][-]{subsubsection.11.1.1}{\376\377\000E\000x\000a\000m\000p\000l\000e}{subsection.11.1}% 62
\BOOKMARK [1][-]{section.12}{\376\377\000L\000U\000\040\000D\000e\000c\000o\000m\000p\000o\000s\000i\000t\000i\000o\000n}{}% 63
\BOOKMARK [2][-]{subsection.12.1}{\376\377\000C\000a\000l\000c\000u\000l\000a\000t\000i\000n\000g\000\040\000L\000\040\000a\000n\000d\000\040\000U}{section.12}% 64
\BOOKMARK [1][-]{section.13}{\376\377\000S\000o\000l\000v\000i\000n\000g\000\040\000s\000y\000s\000t\000e\000m\000s\000\040\000u\000s\000i\000n\000g\000\040\000L\000U\000\040\000D\000e\000c\000o\000m\000p\000o\000s\000i\000t\000i\000o\000n}{}% 65
\BOOKMARK [2][-]{subsubsection.13.0.1}{\376\377\000E\000x\000a\000m\000p\000l\000e}{section.13}% 66
\BOOKMARK [1][-]{section.14}{\376\377\000I\000n\000n\000e\000r\000\040\000P\000r\000o\000d\000u\000c\000t\000\040\000a\000n\000d\000\040\000O\000r\000t\000h\000o\000g\000o\000n\000a\000l\000i\000t\000y}{}% 67
\BOOKMARK [2][-]{subsection.14.1}{\376\377\000I\000m\000p\000o\000r\000t\000a\000n\000t\000\040\000T\000e\000r\000m\000s}{section.14}% 68
\BOOKMARK [3][-]{subsubsection.14.1.1}{\376\377\000E\000x\000a\000m\000p\000l\000e}{subsection.14.1}% 69
\BOOKMARK [2][-]{subsection.14.2}{\376\377\000O\000r\000t\000h\000o\000g\000o\000n\000a\000l\000i\000t\000y}{section.14}% 70
\BOOKMARK [3][-]{subsubsection.14.2.1}{\376\377\000E\000x\000a\000m\000p\000l\000e}{subsection.14.2}% 71
\BOOKMARK [3][-]{subsubsection.14.2.2}{\376\377\000O\000r\000t\000h\000o\000n\000o\000r\000m\000a\000l\000\040\000S\000e\000t\000s}{subsection.14.2}% 72
\BOOKMARK [3][-]{subsubsection.14.2.3}{\376\377\000E\000x\000a\000m\000p\000l\000e}{subsection.14.2}% 73
\BOOKMARK [1][-]{section.15}{\376\377\000S\000u\000b\000s\000p\000a\000c\000e\000s}{}% 74
\BOOKMARK [2][-]{subsection.15.1}{\376\377\000E\000x\000a\000m\000p\000l\000e\000s}{section.15}% 75
\BOOKMARK [1][-]{section.16}{\376\377\000C\000o\000l\000u\000m\000n\000\040\000S\000p\000a\000c\000e\000s\000\040\000a\000n\000d\000\040\000N\000u\000l\000l\000s\000p\000a\000c\000e\000s}{}% 76
\BOOKMARK [2][-]{subsection.16.1}{\376\377\000E\000x\000a\000m\000p\000l\000e}{section.16}% 77
\BOOKMARK [2][-]{subsection.16.2}{\376\377\000C\000o\000l\000u\000m\000n\000\040\000S\000p\000a\000c\000e\000\040\000-\000\040\000T\000T\000K\000\040\000\050\000T\000h\000i\000n\000g\000s\000\040\000t\000o\000\040\000K\000n\000o\000w\000\051}{section.16}% 78
\BOOKMARK [2][-]{subsection.16.3}{\376\377\000E\000x\000a\000m\000p\000l\000e}{section.16}% 79
\BOOKMARK [2][-]{subsection.16.4}{\376\377\000N\000u\000l\000l\000s\000p\000a\000c\000e}{section.16}% 80
\BOOKMARK [2][-]{subsection.16.5}{\376\377\000N\000u\000l\000l\000s\000p\000a\000c\000e\000\040\000E\000x\000a\000m\000p\000l\000e\000s}{section.16}% 81
\BOOKMARK [1][-]{section.17}{\376\377\000V\000e\000c\000t\000o\000r\000\040\000S\000p\000a\000c\000e\000s}{}% 82
\BOOKMARK [2][-]{subsection.17.1}{\376\377\000C\000l\000o\000s\000u\000r\000e}{section.17}% 83
\BOOKMARK [2][-]{subsection.17.2}{\376\377\000V\000e\000c\000t\000o\000r\000\040\000S\000p\000a\000c\000e\000\040\000C\000o\000n\000c\000e\000p\000t\000u\000a\000l\000\040\000E\000x\000a\000m\000p\000l\000e\000s}{section.17}% 84
\BOOKMARK [2][-]{subsection.17.3}{\376\377\000E\000x\000a\000m\000p\000l\000e\000\040\000P\000r\000o\000o\000f\000s}{section.17}% 85
\BOOKMARK [1][-]{section.18}{\376\377\000L\000i\000n\000e\000a\000r\000\040\000I\000n\000d\000e\000p\000e\000n\000d\000e\000n\000c\000e}{}% 86
\BOOKMARK [2][-]{subsection.18.1}{\376\377\000V\000e\000r\000i\000f\000y\000i\000n\000g\000\040\000L\000i\000n\000e\000a\000r\000\040\000I\000n\000d\000e\000p\000d\000e\000n\000c\000e}{section.18}% 87
\BOOKMARK [2][-]{subsection.18.2}{\376\377\000L\000i\000n\000e\000a\000r\000\040\000I\000n\000d\000e\000p\000e\000n\000d\000e\000n\000c\000e\000\040\000C\000o\000n\000c\000e\000p\000t\000u\000a\000l\000\040\000Q\000u\000e\000s\000t\000i\000o\000n\000s}{section.18}% 88
\BOOKMARK [1][-]{section.19}{\376\377\000B\000a\000s\000i\000s\000\040\000a\000n\000d\000\040\000D\000i\000m\000e\000n\000s\000i\000o\000n}{}% 89
\BOOKMARK [2][-]{subsection.19.1}{\376\377\000D\000i\000m\000e\000n\000s\000i\000o\000n}{section.19}% 90
\BOOKMARK [2][-]{subsection.19.2}{\376\377\000D\000e\000t\000e\000r\000m\000i\000n\000i\000n\000g\000\040\000B\000a\000s\000i\000s}{section.19}% 91
\BOOKMARK [1][-]{section.20}{\376\377\000B\000a\000s\000e\000s\000\040\000a\000n\000d\000\040\000D\000i\000m\000e\000n\000s\000i\000o\000n\000\040\000f\000o\000r\000\040\000t\000h\000e\000\040\000f\000o\000u\000r\000\040\000f\000u\000n\000d\000a\000m\000e\000n\000t\000a\000l\000\040\000s\000u\000b\000s\000p\000a\000c\000e\000s}{}% 92
\BOOKMARK [2][-]{subsection.20.1}{\376\377\000R\000a\000n\000k}{section.20}% 93
\BOOKMARK [2][-]{subsection.20.2}{\376\377\000E\000x\000a\000m\000p\000l\000e\000s}{section.20}% 94
\BOOKMARK [1][-]{section.21}{\376\377\000O\000r\000t\000h\000o\000g\000o\000n\000a\000l\000\040\000C\000o\000m\000p\000l\000e\000m\000e\000n\000t\000s}{}% 95
\BOOKMARK [2][-]{subsection.21.1}{\376\377\000E\000x\000a\000m\000p\000l\000e\000s}{section.21}% 96
\BOOKMARK [1][-]{section.22}{\376\377\000C\000o\000o\000r\000d\000i\000n\000a\000t\000e\000s}{}% 97
\BOOKMARK [2][-]{subsection.22.1}{\376\377\000E\000x\000a\000m\000p\000l\000e}{section.22}% 98
\BOOKMARK [2][-]{subsection.22.2}{\376\377\000E\000x\000a\000m\000p\000l\000e}{section.22}% 99
\BOOKMARK [2][-]{subsection.22.3}{\376\377\000C\000h\000a\000n\000g\000e\000\040\000o\000f\000\040\000B\000a\000s\000i\000s}{section.22}% 100
\BOOKMARK [2][-]{subsection.22.4}{\376\377\000C\000h\000a\000n\000g\000e\000\040\000o\000f\000\040\000B\000a\000s\000i\000s\000\040\000E\000x\000a\000m\000p\000l\000e\000s}{section.22}% 101
\BOOKMARK [1][-]{section.23}{\376\377\000O\000r\000t\000h\000o\000g\000o\000n\000a\000l\000\040\000a\000n\000d\000\040\000O\000r\000t\000h\000o\000n\000o\000r\000m\000a\000l\000\040\000B\000a\000s\000e\000s}{}% 102
\BOOKMARK [2][-]{subsection.23.1}{\376\377\000P\000r\000a\000c\000t\000i\000c\000e\000\040\000P\000r\000o\000b\000l\000e\000m\000s}{section.23}% 103
\BOOKMARK [1][-]{section.24}{\376\377\000L\000i\000n\000e\000a\000r\000\040\000T\000r\000a\000n\000s\000f\000o\000r\000m\000a\000t\000i\000o\000n}{}% 104
\BOOKMARK [2][-]{subsection.24.1}{\376\377\000E\000x\000a\000m\000p\000l\000e\000s}{section.24}% 105
\BOOKMARK [2][-]{subsection.24.2}{\376\377\000R\000e\000p\000r\000e\000s\000e\000n\000t\000i\000n\000g\000\040\000L\000i\000n\000e\000a\000r\000\040\000T\000r\000a\000n\000s\000f\000o\000r\000m\000a\000t\000i\000o\000n\000s\000\040\000a\000s\000\040\000M\000a\000t\000r\000i\000c\000e\000s}{section.24}% 106
\BOOKMARK [2][-]{subsection.24.3}{\376\377\000E\000x\000a\000m\000p\000l\000e}{section.24}% 107
\BOOKMARK [1][-]{section.25}{\376\377\000C\000o\000o\000r\000d\000i\000n\000a\000t\000e\000\040\000M\000a\000t\000r\000i\000x\000\040\000o\000f\000\040\000a\000\040\000L\000i\000n\000e\000a\000r\000\040\000T\000r\000a\000n\000s\000f\000o\000r\000m\000a\000t\000i\000o\000n}{}% 108
\BOOKMARK [2][-]{subsection.25.1}{\376\377\000E\000x\000a\000m\000p\000l\000e\000s}{section.25}% 109
\BOOKMARK [2][-]{subsection.25.2}{\376\377\000C\000h\000a\000n\000g\000e\000\040\000o\000f\000\040\000B\000a\000s\000i\000s\000\040\000f\000o\000r\000\040\000a\000\040\000m\000a\000t\000r\000i\000x\000\040\000o\000f\000\040\000a\000\040\000l\000i\000n\000e\000a\000r\000\040\000t\000r\000a\000n\000s\000f\000o\000r\000m\000a\000t\000i\000o\000n}{section.25}% 110
\BOOKMARK [3][-]{subsubsection.25.2.1}{\376\377\000E\000x\000a\000m\000p\000l\000e}{subsection.25.2}% 111
\BOOKMARK [1][-]{section.26}{\376\377\000D\000e\000t\000e\000r\000m\000i\000n\000a\000n\000t\000s}{}% 112
\BOOKMARK [2][-]{subsection.26.1}{\376\377\000C\000a\000l\000c\000u\000l\000a\000t\000i\000n\000g\000\040\000D\000e\000t\000e\000r\000m\000i\000n\000a\000n\000t\000s}{section.26}% 113
\BOOKMARK [3][-]{subsubsection.26.1.1}{\376\377\000E\000x\000a\000m\000p\000l\000e\000s}{subsection.26.1}% 114
\BOOKMARK [2][-]{subsection.26.2}{\376\377\000D\000e\000r\000i\000v\000i\000n\000g\000\040\000a\000d\000\040\000-\000\040\000b\000c\000,\000\040\000t\000h\000e\000\040\000d\000e\000t\000e\000r\000m\000i\000n\000a\000n\000t\000\040\000o\000f\000\040\000a\000\040\0002\000\040\0002\000\040\000m\000a\000t\000r\000i\000x}{section.26}% 115
\BOOKMARK [3][-]{subsubsection.26.2.1}{\376\377\000E\000x\000a\000m\000p\000l\000e}{subsection.26.2}% 116
\BOOKMARK [2][-]{subsection.26.3}{\376\377\000I\000m\000p\000o\000r\000t\000a\000n\000t\000\040\000D\000e\000t\000e\000r\000m\000i\000n\000a\000n\000t\000\040\000C\000o\000n\000c\000e\000p\000t\000s}{section.26}% 117
\BOOKMARK [1][-]{section.27}{\376\377\000C\000o\000f\000a\000c\000t\000o\000r\000\040\000E\000x\000p\000a\000n\000s\000i\000o\000n}{}% 118
\BOOKMARK [2][-]{subsection.27.1}{\376\377\000E\000x\000a\000m\000p\000l\000e\000\040\000P\000r\000o\000b\000l\000e\000m}{section.27}% 119
\BOOKMARK [2][-]{subsection.27.2}{\376\377\000U\000s\000i\000n\000g\000\040\000C\000o\000f\000a\000c\000t\000o\000r\000\040\000E\000x\000p\000a\000n\000s\000i\000o\000n\000\040\000t\000o\000\040\000c\000o\000m\000p\000u\000t\000e\000\040\000a\000\040\000m\000a\000t\000r\000i\000x\000'\000s\000\040\000d\000e\000t\000e\000r\000m\000i\000n\000a\000n\000t}{section.27}% 120
\BOOKMARK [3][-]{subsubsection.27.2.1}{\376\377\000E\000x\000a\000m\000p\000l\000e\000\040\000P\000r\000o\000b\000l\000e\000m}{subsection.27.2}% 121
\BOOKMARK [1][-]{section.28}{\376\377\000E\000i\000g\000e\000n\000v\000e\000c\000t\000o\000r\000s\000\040\000a\000n\000d\000\040\000E\000i\000g\000e\000n\000v\000a\000l\000u\000e\000s}{}% 122
\BOOKMARK [2][-]{subsection.28.1}{\376\377\000V\000e\000r\000i\000f\000y\000i\000n\000g\000\040\000E\000i\000g\000e\000n\000v\000e\000c\000t\000o\000r\000s}{section.28}% 123
\BOOKMARK [2][-]{subsection.28.2}{\376\377\000F\000i\000n\000d\000i\000n\000g\000\040\000E\000i\000g\000e\000n\000v\000e\000c\000t\000o\000r\000s}{section.28}% 124
\BOOKMARK [2][-]{subsection.28.3}{\376\377\000E\000i\000g\000e\000n\000s\000p\000a\000c\000e\000s}{section.28}% 125
\BOOKMARK [1][-]{section.29}{\376\377\000C\000o\000m\000p\000u\000t\000i\000n\000g\000\040\000E\000i\000g\000e\000n\000v\000a\000l\000u\000e\000s\000\040\000a\000n\000d\000\040\000E\000i\000g\000e\000n\000v\000e\000c\000t\000o\000r\000s}{}% 126
\BOOKMARK [2][-]{subsection.29.1}{\376\377\000E\000x\000a\000m\000p\000l\000e\000s}{section.29}% 127
\BOOKMARK [1][-]{section.30}{\376\377\000P\000r\000o\000p\000e\000r\000t\000i\000e\000s\000\040\000o\000f\000\040\000E\000i\000g\000e\000n\000v\000e\000c\000t\000o\000r\000s\000\040\000a\000n\000d\000\040\000E\000i\000g\000e\000n\000v\000a\000l\000u\000e\000s}{}% 128
\BOOKMARK [2][-]{subsection.30.1}{\376\377\000E\000x\000a\000m\000p\000l\000e\000\040\000P\000r\000o\000b\000l\000e\000m}{section.30}% 129
\BOOKMARK [3][-]{subsubsection.30.1.1}{\376\377\000C\000o\000n\000n\000e\000c\000t\000i\000n\000g\000\040\000E\000i\000g\000e\000n\000v\000e\000c\000t\000o\000r\000s\000\040\000t\000o\000\040\000L\000i\000n\000e\000a\000r\000\040\000I\000n\000d\000e\000p\000e\000n\000d\000e\000n\000c\000e}{subsection.30.1}% 130
\BOOKMARK [2][-]{subsection.30.2}{\376\377\000T\000r\000a\000c\000e}{section.30}% 131
\BOOKMARK [3][-]{subsubsection.30.2.1}{\376\377\000T\000r\000a\000c\000e\000\040\000v\000s\000\040\000D\000e\000t\000e\000r\000m\000i\000n\000a\000n\000t}{subsection.30.2}% 132
\BOOKMARK [3][-]{subsubsection.30.2.2}{\376\377\000D\000e\000r\000i\000v\000i\000n\000g\000\040\000t\000h\000e\000\040\000c\000h\000a\000r\000a\000c\000t\000e\000r\000i\000s\000t\000i\000c\000\040\000p\000o\000l\000y\000n\000o\000m\000i\000a\000l\000\040\000v\000i\000a\000\040\000t\000h\000e\000\040\000t\000r\000a\000c\000e\000\040\000a\000n\000d\000\040\000d\000e\000t\000e\000r\000m\000i\000n\000a\000n\000t}{subsection.30.2}% 133
\BOOKMARK [1][-]{section.31}{\376\377\000M\000a\000r\000k\000o\000v\000\040\000M\000a\000t\000r\000i\000c\000e\000s}{}% 134
\BOOKMARK [2][-]{subsection.31.1}{\376\377\000M\000a\000r\000k\000o\000v\000\040\000M\000a\000t\000r\000i\000c\000e\000s\000\040\000E\000x\000a\000m\000p\000l\000e\000s}{section.31}% 135
\BOOKMARK [2][-]{subsection.31.2}{\376\377\000C\000o\000n\000n\000e\000c\000t\000i\000n\000g\000\040\000m\000a\000r\000k\000o\000v\000\040\000m\000a\000t\000r\000i\000c\000e\000s\000\040\000a\000n\000d\000\040\000p\000r\000o\000b\000a\000b\000i\000l\000i\000t\000y\000\040\000v\000e\000c\000t\000o\000r\000s\000\040\000t\000o\000\040\000e\000i\000g\000e\000n\000v\000a\000l\000u\000e\000s}{section.31}% 136
\BOOKMARK [2][-]{subsection.31.3}{\376\377\000M\000a\000r\000k\000o\000v\000\040\000M\000a\000t\000r\000i\000c\000e\000s\000\040\000e\000x\000a\000m\000p\000l\000e}{section.31}% 137
\BOOKMARK [1][-]{section.32}{\376\377\000D\000i\000a\000g\000o\000n\000l\000i\000z\000a\000t\000i\000o\000n}{}% 138
\BOOKMARK [2][-]{subsection.32.1}{\376\377\000D\000i\000a\000g\000o\000n\000a\000l\000i\000z\000a\000t\000i\000o\000n\000\040\000P\000r\000o\000b\000l\000e\000m}{section.32}% 139
\BOOKMARK [2][-]{subsection.32.2}{\376\377\000E\000i\000g\000e\000n\000b\000a\000s\000e\000s\000\040\000a\000n\000d\000\040\000C\000h\000a\000n\000g\000e\000\040\000o\000f\000\040\000E\000i\000g\000e\000n\000b\000a\000s\000i\000s}{section.32}% 140
\BOOKMARK [1][-]{section.33}{\376\377\000P\000o\000w\000e\000r\000s\000\040\000o\000f\000\040\000M\000a\000t\000r\000i\000c\000e\000s}{}% 141
\BOOKMARK [2][-]{subsection.33.1}{\376\377\000E\000x\000a\000m\000p\000l\000e\000s}{section.33}% 142
\BOOKMARK [1][-]{section.34}{\376\377\000M\000a\000t\000r\000i\000x\000\040\000E\000x\000p\000o\000n\000e\000n\000t\000i\000a\000l}{}% 143
\BOOKMARK [2][-]{subsection.34.1}{\376\377\000C\000a\000l\000c\000u\000l\000a\000t\000i\000n\000g\000\040\000M\000a\000t\000r\000i\000x\000\040\000E\000x\000p\000o\000n\000e\000n\000t\000i\000a\000l}{section.34}% 144
\BOOKMARK [2][-]{subsection.34.2}{\376\377\000e\000A\000t\000\040\000d\000e\000f\000i\000n\000i\000t\000i\000o\000n\000s}{section.34}% 145
\BOOKMARK [2][-]{subsection.34.3}{\376\377\000C\000o\000n\000n\000e\000c\000t\000i\000n\000g\000\040\000D\000i\000a\000g\000o\000n\000a\000l\000i\000z\000a\000t\000i\000o\000n\000\040\000w\000i\000t\000h\000\040\000e\000A\000t}{section.34}% 146
\BOOKMARK [3][-]{subsubsection.34.3.1}{\376\377\000E\000x\000a\000m\000p\000l\000e}{subsection.34.3}% 147
\BOOKMARK [1][-]{section.35}{\376\377\000O\000r\000t\000h\000o\000g\000o\000n\000a\000l\000\040\000P\000r\000o\000j\000e\000c\000t\000i\000o\000n\000s\000\040\000o\000n\000t\000o\000\040\000l\000i\000n\000e\000s}{}% 148
\BOOKMARK [2][-]{subsection.35.1}{\376\377\000E\000x\000a\000m\000p\000l\000e\000\040\000P\000r\000o\000b\000l\000e\000m}{section.35}% 149
\BOOKMARK [1][-]{section.36}{\376\377\000O\000r\000t\000h\000o\000g\000o\000n\000a\000l\000\040\000P\000r\000o\000j\000e\000c\000t\000i\000o\000n\000s\000\040\000o\000n\000t\000o\000\040\000s\000u\000b\000s\000p\000a\000c\000e\000s}{}% 150
\BOOKMARK [2][-]{subsection.36.1}{\376\377\000E\000x\000a\000m\000p\000l\000e\000\040\000P\000r\000o\000b\000l\000e\000m}{section.36}% 151
\BOOKMARK [2][-]{subsection.36.2}{\376\377\000L\000i\000n\000e\000a\000r\000\040\000t\000r\000a\000n\000s\000f\000o\000r\000m\000a\000t\000i\000o\000n\000s\000\040\000+\000\040\000O\000r\000t\000h\000o\000g\000o\000n\000a\000l\000\040\000P\000r\000o\000j\000e\000c\000t\000i\000o\000n\000s}{section.36}% 152
\BOOKMARK [3][-]{subsubsection.36.2.1}{\376\377\000E\000x\000a\000m\000p\000l\000e\000\040\000P\000r\000o\000b\000l\000e\000m\000s}{subsection.36.2}% 153
\BOOKMARK [1][-]{section.37}{\376\377\000L\000e\000a\000s\000t\000\040\000S\000q\000u\000a\000r\000e\000s\000\040\000S\000o\000l\000u\000t\000i\000o\000n\000s}{}% 154
\BOOKMARK [2][-]{subsection.37.1}{\376\377\000E\000x\000a\000m\000p\000l\000e\000\040\000P\000r\000o\000b\000l\000e\000m\000s}{section.37}% 155
\BOOKMARK [2][-]{subsection.37.2}{\376\377\000N\000o\000r\000m\000a\000l\000\040\000E\000q\000u\000a\000t\000i\000o\000n\000s\000\040\000f\000o\000r\000\040\000L\000e\000a\000s\000t\000\040\000S\000q\000u\000a\000r\000e\000s}{section.37}% 156
\BOOKMARK [3][-]{subsubsection.37.2.1}{\376\377\000M\000o\000r\000e\000\040\000E\000x\000a\000m\000p\000l\000e\000s}{subsection.37.2}% 157
\BOOKMARK [1][-]{section.38}{\376\377\000L\000i\000n\000e\000a\000r\000\040\000R\000e\000g\000r\000e\000s\000s\000i\000o\000n}{}% 158
\BOOKMARK [2][-]{subsection.38.1}{\376\377\000E\000x\000a\000m\000p\000l\000e}{section.38}% 159
\BOOKMARK [2][-]{subsection.38.2}{\376\377\000F\000o\000r\000m\000u\000l\000a\000t\000i\000n\000g\000\040\000R\000e\000g\000r\000e\000s\000s\000i\000o\000n\000\040\000o\000f\000\040\000a\000\040\000L\000i\000n\000e\000a\000r\000\040\000S\000y\000s\000t\000e\000m}{section.38}% 160
\BOOKMARK [1][-]{section.39}{\376\377\000G\000r\000a\000m\000\040\000S\000c\000h\000m\000i\000d\000t}{}% 161
\BOOKMARK [2][-]{subsection.39.1}{\376\377\000G\000r\000a\000m\000\040\000S\000c\000h\000m\000i\000d\000t\000\040\000o\000r\000t\000h\000o\000n\000o\000r\000m\000a\000l\000i\000z\000a\000t\000i\000o\000n}{section.39}% 162
\BOOKMARK [2][-]{subsection.39.2}{\376\377\000G\000r\000a\000m\000\040\000S\000c\000h\000m\000i\000d\000t\000\040\000E\000x\000a\000m\000p\000l\000e}{section.39}% 163
\BOOKMARK [2][-]{subsection.39.3}{\376\377\000Q\000R\000\040\000d\000e\000c\000o\000m\000p\000o\000s\000i\000t\000i\000o\000n}{section.39}% 164
\BOOKMARK [3][-]{subsubsection.39.3.1}{\376\377\000Q\000R\000\040\000d\000e\000c\000o\000m\000p\000\040\000e\000x\000a\000m\000p\000l\000e}{subsection.39.3}% 165
\BOOKMARK [1][-]{section.40}{\376\377\000S\000p\000e\000c\000t\000r\000a\000l\000\040\000T\000h\000e\000o\000r\000e\000m}{}% 166
\BOOKMARK [2][-]{subsection.40.1}{\376\377\000S\000p\000e\000c\000t\000r\000a\000l\000\040\000T\000h\000e\000o\000r\000e\000m\000\040\000v\000.\000s\000.\000\040\000D\000i\000a\000g\000o\000n\000a\000l\000i\000z\000a\000t\000i\000o\000n}{section.40}% 167
\BOOKMARK [2][-]{subsection.40.2}{\376\377\000E\000x\000a\000m\000p\000l\000e}{section.40}% 168
\BOOKMARK [2][-]{subsection.40.3}{\376\377\000S\000p\000e\000c\000t\000r\000a\000l\000\040\000T\000h\000e\000o\000r\000e\000m\000\040\000s\000c\000a\000l\000e\000s\000\040\000e\000i\000g\000e\000n\000v\000e\000c\000t\000o\000r\000s}{section.40}% 169
\BOOKMARK [1][-]{section.41}{\376\377\000S\000V\000D\000\040\000-\000\040\000S\000i\000n\000g\000u\000l\000a\000r\000\040\000V\000a\000l\000u\000e\000\040\000D\000e\000c\000o\000m\000p\000o\000s\000i\000t\000i\000o\000n}{}% 170
\BOOKMARK [1][-]{appendix.A}{\376\377\000G\000r\000a\000p\000h\000s}{}% 171
\BOOKMARK [2][-]{subsection.A.1}{\376\377\000A\000d\000j\000a\000c\000e\000n\000c\000y\000\040\000M\000a\000t\000r\000i\000c\000e\000s}{appendix.A}% 172
\BOOKMARK [2][-]{subsection.A.2}{\376\377\000W\000a\000l\000k\000s\000\040\000a\000n\000d\000\040\000P\000a\000t\000h\000s}{appendix.A}% 173
\BOOKMARK [2][-]{subsection.A.3}{\376\377\000D\000i\000r\000e\000c\000t\000e\000d\000\040\000G\000r\000a\000p\000h}{appendix.A}% 174
\BOOKMARK [3][-]{subsubsection.A.3.1}{\376\377\000E\000d\000g\000e\000-\000N\000o\000d\000e\000\040\000I\000n\000c\000i\000d\000e\000n\000c\000e\000\040\000M\000a\000t\000r\000i\000c\000e\000s}{subsection.A.3}% 175
\BOOKMARK [2][-]{subsection.A.4}{\376\377\000P\000r\000o\000v\000i\000n\000g\000\040\000G\000r\000a\000p\000h\000\040\000T\000h\000e\000o\000r\000e\000m\000s}{appendix.A}% 176
\BOOKMARK [3][-]{subsubsection.A.4.1}{\376\377\000E\000x\000a\000m\000p\000l\000e\000\040\000P\000r\000o\000o\000f}{subsection.A.4}% 177
\BOOKMARK [2][-]{subsection.A.5}{\376\377\000C\000y\000c\000l\000e\000s\000,\000\040\000C\000y\000c\000l\000e\000\040\000V\000e\000c\000t\000o\000r\000s\000,\000\040\000a\000n\000d\000\040\000C\000y\000c\000l\000e\000\040\000S\000p\000a\000c\000e\000s}{appendix.A}% 178
\BOOKMARK [1][-]{appendix.B}{\376\377\000L\000i\000n\000e\000a\000r\000\040\000D\000i\000f\000f\000e\000r\000e\000n\000t\000i\000a\000l\000\040\000E\000q\000u\000a\000t\000i\000o\000n\000s}{}% 179
